<?xml version="1.0" encoding="UTF-8"?>
<coverage generated="1638618323098" clover="3.2.0">
  <project timestamp="1638618323099" name="All files">
    <metrics statements="51" coveredstatements="37" conditionals="31" coveredconditionals="25" methods="12" coveredmethods="7" elements="94" coveredelements="69" complexity="0" loc="51" ncloc="51" packages="5" files="6" classes="6"/>
    <package name="src">
      <metrics statements="11" coveredstatements="8" conditionals="6" coveredconditionals="3" methods="0" coveredmethods="0"/>
      <file name="connection.js" path="C:\Users\Jdonasci\Desktop\Carlos\@ BOOTCAMP RESPONDE AI\WEB\BackEnd\Semana7-Mock-Routes-Errors\projeto16-signmeasong\src\connection.js">
        <metrics statements="5" coveredstatements="4" conditionals="2" coveredconditionals="1" methods="0" coveredmethods="0"/>
        <line num="3" count="1" type="stmt"/>
        <line num="5" count="1" type="stmt"/>
        <line num="13" count="1" type="cond" truecount="1" falsecount="1"/>
        <line num="14" count="0" type="stmt"/>
        <line num="22" count="1" type="stmt"/>
      </file>
      <file name="setup.js" path="C:\Users\Jdonasci\Desktop\Carlos\@ BOOTCAMP RESPONDE AI\WEB\BackEnd\Semana7-Mock-Routes-Errors\projeto16-signmeasong\src\setup.js">
        <metrics statements="6" coveredstatements="4" conditionals="4" coveredconditionals="2" methods="0" coveredmethods="0"/>
        <line num="3" count="2" type="stmt"/>
        <line num="5" count="2" type="cond" truecount="1" falsecount="1"/>
        <line num="6" count="0" type="stmt"/>
        <line num="9" count="2" type="cond" truecount="1" falsecount="1"/>
        <line num="10" count="0" type="stmt"/>
        <line num="13" count="2" type="stmt"/>
      </file>
    </package>
    <package name="src.errors">
      <metrics statements="2" coveredstatements="0" conditionals="0" coveredconditionals="0" methods="1" coveredmethods="0"/>
      <file name="NotFound.js" path="C:\Users\Jdonasci\Desktop\Carlos\@ BOOTCAMP RESPONDE AI\WEB\BackEnd\Semana7-Mock-Routes-Errors\projeto16-signmeasong\src\errors\NotFound.js">
        <metrics statements="2" coveredstatements="0" conditionals="0" coveredconditionals="0" methods="1" coveredmethods="0"/>
        <line num="3" count="0" type="stmt"/>
        <line num="4" count="0" type="stmt"/>
      </file>
    </package>
    <package name="src.repositories">
      <metrics statements="8" coveredstatements="0" conditionals="2" coveredconditionals="0" methods="4" coveredmethods="0"/>
      <file name="recommendationRepo.js" path="C:\Users\Jdonasci\Desktop\Carlos\@ BOOTCAMP RESPONDE AI\WEB\BackEnd\Semana7-Mock-Routes-Errors\projeto16-signmeasong\src\repositories\recommendationRepo.js">
        <metrics statements="8" coveredstatements="0" conditionals="2" coveredconditionals="0" methods="4" coveredmethods="0"/>
        <line num="4" count="0" type="stmt"/>
        <line num="8" count="0" type="stmt"/>
        <line num="12" count="0" type="cond" truecount="0" falsecount="2"/>
        <line num="14" count="0" type="stmt"/>
        <line num="18" count="0" type="stmt"/>
        <line num="22" count="0" type="stmt"/>
        <line num="28" count="0" type="stmt"/>
        <line num="29" count="0" type="stmt"/>
      </file>
    </package>
    <package name="src.services">
      <metrics statements="24" coveredstatements="23" conditionals="20" coveredconditionals="19" methods="5" coveredmethods="5"/>
      <file name="recommendationService.js" path="C:\Users\Jdonasci\Desktop\Carlos\@ BOOTCAMP RESPONDE AI\WEB\BackEnd\Semana7-Mock-Routes-Errors\projeto16-signmeasong\src\services\recommendationService.js">
        <metrics statements="24" coveredstatements="23" conditionals="20" coveredconditionals="19" methods="5" coveredmethods="5"/>
        <line num="6" count="1" type="stmt"/>
        <line num="8" count="1" type="stmt"/>
        <line num="12" count="3" type="stmt"/>
        <line num="14" count="3" type="cond" truecount="2" falsecount="0"/>
        <line num="15" count="1" type="stmt"/>
        <line num="18" count="2" type="stmt"/>
        <line num="20" count="2" type="cond" truecount="2" falsecount="0"/>
        <line num="21" count="1" type="stmt"/>
        <line num="24" count="2" type="cond" truecount="2" falsecount="0"/>
        <line num="25" count="2" type="cond" truecount="2" falsecount="0"/>
        <line num="27" count="2" type="stmt"/>
        <line num="31" count="4" type="stmt"/>
        <line num="33" count="4" type="cond" truecount="1" falsecount="1"/>
        <line num="34" count="0" type="stmt"/>
        <line num="37" count="10" type="stmt"/>
        <line num="38" count="10" type="stmt"/>
        <line num="40" count="4" type="cond" truecount="4" falsecount="0"/>
        <line num="41" count="2" type="cond" truecount="2" falsecount="0"/>
        <line num="42" count="2" type="stmt"/>
        <line num="44" count="2" type="stmt"/>
        <line num="47" count="2" type="cond" truecount="2" falsecount="0"/>
        <line num="48" count="2" type="cond" truecount="2" falsecount="0"/>
        <line num="50" count="2" type="stmt"/>
        <line num="52" count="2" type="stmt"/>
      </file>
    </package>
    <package name="src.utils">
      <metrics statements="6" coveredstatements="6" conditionals="3" coveredconditionals="3" methods="2" coveredmethods="2"/>
      <file name="sharedFunctions.js" path="C:\Users\Jdonasci\Desktop\Carlos\@ BOOTCAMP RESPONDE AI\WEB\BackEnd\Semana7-Mock-Routes-Errors\projeto16-signmeasong\src\utils\sharedFunctions.js">
        <metrics statements="6" coveredstatements="6" conditionals="3" coveredconditionals="3" methods="2" coveredmethods="2"/>
        <line num="2" count="1" type="stmt"/>
        <line num="3" count="1" type="stmt"/>
        <line num="4" count="1" type="stmt"/>
        <line num="7" count="2" type="cond" truecount="1" falsecount="0"/>
        <line num="8" count="5" type="cond" truecount="2" falsecount="0"/>
        <line num="10" count="5" type="stmt"/>
      </file>
    </package>
  </project>
</coverage>
