{"C:\\Users\\Jdonasci\\Desktop\\Carlos\\@ BOOTCAMP RESPONDE AI\\WEB\\BackEnd\\Semana7-Mock-Routes-Errors\\projeto16-signmeasong\\src\\connection.js": {"path":"C:\\Users\\Jdonasci\\Desktop\\Carlos\\@ BOOTCAMP RESPONDE AI\\WEB\\BackEnd\\Semana7-Mock-Routes-Errors\\projeto16-signmeasong\\src\\connection.js","statementMap":{"0":{"start":{"line":3,"column":17},"end":{"line":3,"column":19}},"1":{"start":{"line":5,"column":21},"end":{"line":11,"column":1}},"2":{"start":{"line":13,"column":0},"end":{"line":20,"column":1}},"3":{"start":{"line":14,"column":4},"end":{"line":19,"column":6}},"4":{"start":{"line":22,"column":19},"end":{"line":22,"column":43}}},"fnMap":{},"branchMap":{"0":{"loc":{"start":{"line":13,"column":0},"end":{"line":20,"column":1}},"type":"if","locations":[{"start":{"line":13,"column":0},"end":{"line":20,"column":1}},{"start":{},"end":{}}],"line":13}},"s":{"0":1,"1":1,"2":1,"3":0,"4":1},"f":{},"b":{"0":[0,1]},"_coverageSchema":"1a1c01bbd47fc00a2c39e90264f33305004495a9","hash":"1743c5c2ade80b8cffd80d603fcc8b47edb88f1e"}
,"C:\\Users\\Jdonasci\\Desktop\\Carlos\\@ BOOTCAMP RESPONDE AI\\WEB\\BackEnd\\Semana7-Mock-Routes-Errors\\projeto16-signmeasong\\src\\setup.js": {"path":"C:\\Users\\Jdonasci\\Desktop\\Carlos\\@ BOOTCAMP RESPONDE AI\\WEB\\BackEnd\\Semana7-Mock-Routes-Errors\\projeto16-signmeasong\\src\\setup.js","statementMap":{"0":{"start":{"line":3,"column":11},"end":{"line":3,"column":22}},"1":{"start":{"line":5,"column":0},"end":{"line":7,"column":1}},"2":{"start":{"line":6,"column":4},"end":{"line":6,"column":22}},"3":{"start":{"line":9,"column":0},"end":{"line":11,"column":1}},"4":{"start":{"line":10,"column":4},"end":{"line":10,"column":18}},"5":{"start":{"line":13,"column":0},"end":{"line":13,"column":24}}},"fnMap":{},"branchMap":{"0":{"loc":{"start":{"line":5,"column":0},"end":{"line":7,"column":1}},"type":"if","locations":[{"start":{"line":5,"column":0},"end":{"line":7,"column":1}},{"start":{},"end":{}}],"line":5},"1":{"loc":{"start":{"line":9,"column":0},"end":{"line":11,"column":1}},"type":"if","locations":[{"start":{"line":9,"column":0},"end":{"line":11,"column":1}},{"start":{},"end":{}}],"line":9}},"s":{"0":2,"1":2,"2":0,"3":2,"4":0,"5":2},"f":{},"b":{"0":[0,2],"1":[0,2]},"_coverageSchema":"1a1c01bbd47fc00a2c39e90264f33305004495a9","hash":"434c0d6c37b9d80009deb6c9f512b501addfbfb2"}
,"C:\\Users\\Jdonasci\\Desktop\\Carlos\\@ BOOTCAMP RESPONDE AI\\WEB\\BackEnd\\Semana7-Mock-Routes-Errors\\projeto16-signmeasong\\src\\errors\\NotFound.js": {"path":"C:\\Users\\Jdonasci\\Desktop\\Carlos\\@ BOOTCAMP RESPONDE AI\\WEB\\BackEnd\\Semana7-Mock-Routes-Errors\\projeto16-signmeasong\\src\\errors\\NotFound.js","statementMap":{"0":{"start":{"line":3,"column":8},"end":{"line":3,"column":23}},"1":{"start":{"line":4,"column":8},"end":{"line":4,"column":30}}},"fnMap":{"0":{"name":"(anonymous_0)","decl":{"start":{"line":2,"column":4},"end":{"line":2,"column":5}},"loc":{"start":{"line":2,"column":25},"end":{"line":5,"column":5}},"line":2}},"branchMap":{},"s":{"0":0,"1":0},"f":{"0":0},"b":{},"_coverageSchema":"1a1c01bbd47fc00a2c39e90264f33305004495a9","hash":"9c9de36e08fb749ce773b29aab95a0ba66a52a9e"}
,"C:\\Users\\Jdonasci\\Desktop\\Carlos\\@ BOOTCAMP RESPONDE AI\\WEB\\BackEnd\\Semana7-Mock-Routes-Errors\\projeto16-signmeasong\\src\\repositories\\recommendationRepo.js": {"path":"C:\\Users\\Jdonasci\\Desktop\\Carlos\\@ BOOTCAMP RESPONDE AI\\WEB\\BackEnd\\Semana7-Mock-Routes-Errors\\projeto16-signmeasong\\src\\repositories\\recommendationRepo.js","statementMap":{"0":{"start":{"line":4,"column":19},"end":{"line":6,"column":27}},"1":{"start":{"line":8,"column":4},"end":{"line":8,"column":26}},"2":{"start":{"line":12,"column":15},"end":{"line":12,"column":40}},"3":{"start":{"line":14,"column":19},"end":{"line":16,"column":12}},"4":{"start":{"line":18,"column":4},"end":{"line":18,"column":26}},"5":{"start":{"line":22,"column":4},"end":{"line":24,"column":13}},"6":{"start":{"line":28,"column":19},"end":{"line":28,"column":74}},"7":{"start":{"line":29,"column":4},"end":{"line":29,"column":23}}},"fnMap":{"0":{"name":"insert","decl":{"start":{"line":3,"column":15},"end":{"line":3,"column":21}},"loc":{"start":{"line":3,"column":44},"end":{"line":9,"column":1}},"line":3},"1":{"name":"vote","decl":{"start":{"line":11,"column":15},"end":{"line":11,"column":19}},"loc":{"start":{"line":11,"column":34},"end":{"line":19,"column":1}},"line":11},"2":{"name":"remove","decl":{"start":{"line":21,"column":15},"end":{"line":21,"column":21}},"loc":{"start":{"line":21,"column":30},"end":{"line":25,"column":1}},"line":21},"3":{"name":"get","decl":{"start":{"line":27,"column":15},"end":{"line":27,"column":18}},"loc":{"start":{"line":27,"column":21},"end":{"line":30,"column":1}},"line":27}},"branchMap":{"0":{"loc":{"start":{"line":12,"column":15},"end":{"line":12,"column":40}},"type":"cond-expr","locations":[{"start":{"line":12,"column":31},"end":{"line":12,"column":34}},{"start":{"line":12,"column":37},"end":{"line":12,"column":40}}],"line":12}},"s":{"0":0,"1":0,"2":0,"3":0,"4":0,"5":0,"6":0,"7":0},"f":{"0":0,"1":0,"2":0,"3":0},"b":{"0":[0,0]},"_coverageSchema":"1a1c01bbd47fc00a2c39e90264f33305004495a9","hash":"14a2c7ade9a0b39c2a6538f066791edce04045f2"}
,"C:\\Users\\Jdonasci\\Desktop\\Carlos\\@ BOOTCAMP RESPONDE AI\\WEB\\BackEnd\\Semana7-Mock-Routes-Errors\\projeto16-signmeasong\\src\\services\\recommendationService.js": {"path":"C:\\Users\\Jdonasci\\Desktop\\Carlos\\@ BOOTCAMP RESPONDE AI\\WEB\\BackEnd\\Semana7-Mock-Routes-Errors\\projeto16-signmeasong\\src\\services\\recommendationService.js","statementMap":{"0":{"start":{"line":6,"column":27},"end":{"line":6,"column":81}},"1":{"start":{"line":8,"column":4},"end":{"line":8,"column":55}},"2":{"start":{"line":12,"column":27},"end":{"line":12,"column":70}},"3":{"start":{"line":14,"column":4},"end":{"line":16,"column":5}},"4":{"start":{"line":15,"column":8},"end":{"line":15,"column":52}},"5":{"start":{"line":18,"column":18},"end":{"line":18,"column":43}},"6":{"start":{"line":20,"column":4},"end":{"line":22,"column":5}},"7":{"start":{"line":21,"column":8},"end":{"line":21,"column":48}},"8":{"start":{"line":24,"column":17},"end":{"line":24,"column":71}},"9":{"start":{"line":25,"column":20},"end":{"line":25,"column":49}},"10":{"start":{"line":27,"column":4},"end":{"line":27,"column":45}},"11":{"start":{"line":31,"column":31},"end":{"line":31,"column":61}},"12":{"start":{"line":33,"column":4},"end":{"line":35,"column":5}},"13":{"start":{"line":34,"column":8},"end":{"line":34,"column":68}},"14":{"start":{"line":37,"column":20},"end":{"line":37,"column":90}},"15":{"start":{"line":37,"column":64},"end":{"line":37,"column":89}},"16":{"start":{"line":38,"column":19},"end":{"line":38,"column":90}},"17":{"start":{"line":38,"column":63},"end":{"line":38,"column":89}},"18":{"start":{"line":40,"column":4},"end":{"line":45,"column":5}},"19":{"start":{"line":41,"column":44},"end":{"line":41,"column":83}},"20":{"start":{"line":42,"column":28},"end":{"line":42,"column":83}},"21":{"start":{"line":44,"column":8},"end":{"line":44,"column":56}},"22":{"start":{"line":47,"column":31},"end":{"line":47,"column":74}},"23":{"start":{"line":48,"column":36},"end":{"line":48,"column":84}},"24":{"start":{"line":50,"column":24},"end":{"line":50,"column":75}},"25":{"start":{"line":52,"column":4},"end":{"line":52,"column":48}}},"fnMap":{"0":{"name":"post","decl":{"start":{"line":5,"column":15},"end":{"line":5,"column":19}},"loc":{"start":{"line":5,"column":43},"end":{"line":9,"column":1}},"line":5},"1":{"name":"vote","decl":{"start":{"line":11,"column":15},"end":{"line":11,"column":19}},"loc":{"start":{"line":11,"column":34},"end":{"line":28,"column":1}},"line":11},"2":{"name":"getRandom","decl":{"start":{"line":30,"column":15},"end":{"line":30,"column":24}},"loc":{"start":{"line":30,"column":27},"end":{"line":53,"column":1}},"line":30},"3":{"name":"(anonymous_3)","decl":{"start":{"line":37,"column":46},"end":{"line":37,"column":47}},"loc":{"start":{"line":37,"column":64},"end":{"line":37,"column":89}},"line":37},"4":{"name":"(anonymous_4)","decl":{"start":{"line":38,"column":45},"end":{"line":38,"column":46}},"loc":{"start":{"line":38,"column":63},"end":{"line":38,"column":89}},"line":38}},"branchMap":{"0":{"loc":{"start":{"line":14,"column":4},"end":{"line":16,"column":5}},"type":"if","locations":[{"start":{"line":14,"column":4},"end":{"line":16,"column":5}},{"start":{},"end":{}}],"line":14},"1":{"loc":{"start":{"line":20,"column":4},"end":{"line":22,"column":5}},"type":"if","locations":[{"start":{"line":20,"column":4},"end":{"line":22,"column":5}},{"start":{},"end":{}}],"line":20},"2":{"loc":{"start":{"line":24,"column":17},"end":{"line":24,"column":71}},"type":"cond-expr","locations":[{"start":{"line":24,"column":25},"end":{"line":24,"column":66}},{"start":{"line":24,"column":69},"end":{"line":24,"column":71}}],"line":24},"3":{"loc":{"start":{"line":25,"column":20},"end":{"line":25,"column":49}},"type":"cond-expr","locations":[{"start":{"line":25,"column":28},"end":{"line":25,"column":32}},{"start":{"line":25,"column":35},"end":{"line":25,"column":49}}],"line":25},"4":{"loc":{"start":{"line":33,"column":4},"end":{"line":35,"column":5}},"type":"if","locations":[{"start":{"line":33,"column":4},"end":{"line":35,"column":5}},{"start":{},"end":{}}],"line":33},"5":{"loc":{"start":{"line":40,"column":4},"end":{"line":45,"column":5}},"type":"if","locations":[{"start":{"line":40,"column":4},"end":{"line":45,"column":5}},{"start":{},"end":{}}],"line":40},"6":{"loc":{"start":{"line":40,"column":8},"end":{"line":40,"column":41}},"type":"binary-expr","locations":[{"start":{"line":40,"column":8},"end":{"line":40,"column":23}},{"start":{"line":40,"column":27},"end":{"line":40,"column":41}}],"line":40},"7":{"loc":{"start":{"line":41,"column":44},"end":{"line":41,"column":83}},"type":"cond-expr","locations":[{"start":{"line":41,"column":67},"end":{"line":41,"column":73}},{"start":{"line":41,"column":76},"end":{"line":41,"column":83}}],"line":41},"8":{"loc":{"start":{"line":47,"column":31},"end":{"line":47,"column":74}},"type":"cond-expr","locations":[{"start":{"line":47,"column":60},"end":{"line":47,"column":66}},{"start":{"line":47,"column":69},"end":{"line":47,"column":74}}],"line":47},"9":{"loc":{"start":{"line":48,"column":36},"end":{"line":48,"column":84}},"type":"cond-expr","locations":[{"start":{"line":48,"column":68},"end":{"line":48,"column":75}},{"start":{"line":48,"column":78},"end":{"line":48,"column":84}}],"line":48}},"s":{"0":1,"1":1,"2":3,"3":3,"4":1,"5":2,"6":2,"7":1,"8":2,"9":2,"10":2,"11":4,"12":4,"13":0,"14":4,"15":10,"16":4,"17":10,"18":4,"19":2,"20":2,"21":2,"22":2,"23":2,"24":2,"25":2},"f":{"0":1,"1":3,"2":4,"3":10,"4":10},"b":{"0":[1,2],"1":[1,1],"2":[1,1],"3":[1,1],"4":[0,4],"5":[2,2],"6":[4,3],"7":[1,1],"8":[1,1],"9":[1,1]},"_coverageSchema":"1a1c01bbd47fc00a2c39e90264f33305004495a9","hash":"7d28c4c7f752f32da05e1cc459ed1e1eb9b3f0e2"}
,"C:\\Users\\Jdonasci\\Desktop\\Carlos\\@ BOOTCAMP RESPONDE AI\\WEB\\BackEnd\\Semana7-Mock-Routes-Errors\\projeto16-signmeasong\\src\\utils\\sharedFunctions.js": {"path":"C:\\Users\\Jdonasci\\Desktop\\Carlos\\@ BOOTCAMP RESPONDE AI\\WEB\\BackEnd\\Semana7-Mock-Routes-Errors\\projeto16-signmeasong\\src\\utils\\sharedFunctions.js","statementMap":{"0":{"start":{"line":2,"column":4},"end":{"line":2,"column":25}},"1":{"start":{"line":3,"column":4},"end":{"line":3,"column":26}},"2":{"start":{"line":4,"column":4},"end":{"line":4,"column":57}},"3":{"start":{"line":7,"column":23},"end":{"line":11,"column":1}},"4":{"start":{"line":8,"column":49},"end":{"line":8,"column":63}},"5":{"start":{"line":10,"column":4},"end":{"line":10,"column":41}}},"fnMap":{"0":{"name":"getRandomInt","decl":{"start":{"line":1,"column":9},"end":{"line":1,"column":21}},"loc":{"start":{"line":1,"column":32},"end":{"line":5,"column":1}},"line":1},"1":{"name":"(anonymous_1)","decl":{"start":{"line":7,"column":23},"end":{"line":7,"column":24}},"loc":{"start":{"line":7,"column":48},"end":{"line":11,"column":1}},"line":7}},"branchMap":{"0":{"loc":{"start":{"line":7,"column":24},"end":{"line":7,"column":43}},"type":"default-arg","locations":[{"start":{"line":7,"column":41},"end":{"line":7,"column":43}}],"line":7},"1":{"loc":{"start":{"line":8,"column":12},"end":{"line":8,"column":26}},"type":"default-arg","locations":[{"start":{"line":8,"column":22},"end":{"line":8,"column":26}}],"line":8},"2":{"loc":{"start":{"line":8,"column":28},"end":{"line":8,"column":44}},"type":"default-arg","locations":[{"start":{"line":8,"column":35},"end":{"line":8,"column":44}}],"line":8}},"s":{"0":1,"1":1,"2":1,"3":2,"4":5,"5":5},"f":{"0":1,"1":5},"b":{"0":[1],"1":[1],"2":[2]},"_coverageSchema":"1a1c01bbd47fc00a2c39e90264f33305004495a9","hash":"7b8a136ed10ac9ad9ec54fd35f33515033ad48be"}
}
