TN:
SF:src\connection.js
FNF:0
FNH:0
DA:3,1
DA:5,1
DA:13,1
DA:14,0
DA:22,1
LF:5
LH:4
BRDA:13,0,0,0
BRDA:13,0,1,1
BRF:2
BRH:1
end_of_record
TN:
SF:src\setup.js
FNF:0
FNH:0
DA:3,2
DA:5,2
DA:6,0
DA:9,2
DA:10,0
DA:13,2
LF:6
LH:4
BRDA:5,0,0,0
BRDA:5,0,1,2
BRDA:9,1,0,0
BRDA:9,1,1,2
BRF:4
BRH:2
end_of_record
TN:
SF:src\errors\NotFound.js
FN:2,(anonymous_0)
FNF:1
FNH:0
FNDA:0,(anonymous_0)
DA:3,0
DA:4,0
LF:2
LH:0
BRF:0
BRH:0
end_of_record
TN:
SF:src\repositories\recommendationRepo.js
FN:3,insert
FN:11,vote
FN:21,remove
FN:27,get
FNF:4
FNH:0
FNDA:0,insert
FNDA:0,vote
FNDA:0,remove
FNDA:0,get
DA:4,0
DA:8,0
DA:12,0
DA:14,0
DA:18,0
DA:22,0
DA:28,0
DA:29,0
LF:8
LH:0
BRDA:12,0,0,0
BRDA:12,0,1,0
BRF:2
BRH:0
end_of_record
TN:
SF:src\services\recommendationService.js
FN:5,post
FN:11,vote
FN:30,getRandom
FN:37,(anonymous_3)
FN:38,(anonymous_4)
FNF:5
FNH:5
FNDA:1,post
FNDA:3,vote
FNDA:4,getRandom
FNDA:10,(anonymous_3)
FNDA:10,(anonymous_4)
DA:6,1
DA:8,1
DA:12,3
DA:14,3
DA:15,1
DA:18,2
DA:20,2
DA:21,1
DA:24,2
DA:25,2
DA:27,2
DA:31,4
DA:33,4
DA:34,0
DA:37,10
DA:38,10
DA:40,4
DA:41,2
DA:42,2
DA:44,2
DA:47,2
DA:48,2
DA:50,2
DA:52,2
LF:24
LH:23
BRDA:14,0,0,1
BRDA:14,0,1,2
BRDA:20,1,0,1
BRDA:20,1,1,1
BRDA:24,2,0,1
BRDA:24,2,1,1
BRDA:25,3,0,1
BRDA:25,3,1,1
BRDA:33,4,0,0
BRDA:33,4,1,4
BRDA:40,5,0,2
BRDA:40,5,1,2
BRDA:40,6,0,4
BRDA:40,6,1,3
BRDA:41,7,0,1
BRDA:41,7,1,1
BRDA:47,8,0,1
BRDA:47,8,1,1
BRDA:48,9,0,1
BRDA:48,9,1,1
BRF:20
BRH:19
end_of_record
TN:
SF:src\utils\sharedFunctions.js
FN:1,getRandomInt
FN:7,(anonymous_1)
FNF:2
FNH:2
FNDA:1,getRandomInt
FNDA:5,(anonymous_1)
DA:2,1
DA:3,1
DA:4,1
DA:7,2
DA:8,5
DA:10,5
LF:6
LH:6
BRDA:7,0,0,1
BRDA:8,1,0,1
BRDA:8,2,0,2
BRF:3
BRH:3
end_of_record
